[2019-11-21 13:36:25,518] INFO [GroupMetadataManager brokerId=0] Removed 0 expired offsets in 0 milliseconds. (kafka.coordinator.group.GroupMetadataManager)
[2019-11-21 13:37:40,045] ERROR Error while reading checkpoint file /Users/evandronunes/Google Drive/Evandro - Pessoal/Estudos/Kafka/kafka-files-master/kafka-logs/0/cleaner-offset-checkpoint (kafka.server.LogDirFailureChannel)
java.nio.file.NoSuchFileException: /Users/evandronunes/Google Drive/Evandro - Pessoal/Estudos/Kafka/kafka-files-master/kafka-logs/0/cleaner-offset-checkpoint
	at java.base/sun.nio.fs.UnixException.translateToIOException(UnixException.java:92)
	at java.base/sun.nio.fs.UnixException.rethrowAsIOException(UnixException.java:111)
	at java.base/sun.nio.fs.UnixException.rethrowAsIOException(UnixException.java:116)
	at java.base/sun.nio.fs.UnixFileSystemProvider.newByteChannel(UnixFileSystemProvider.java:219)
	at java.base/java.nio.file.Files.newByteChannel(Files.java:374)
	at java.base/java.nio.file.Files.newByteChannel(Files.java:425)
	at java.base/java.nio.file.spi.FileSystemProvider.newInputStream(FileSystemProvider.java:420)
	at java.base/java.nio.file.Files.newInputStream(Files.java:159)
	at java.base/java.nio.file.Files.newBufferedReader(Files.java:2915)
	at java.base/java.nio.file.Files.newBufferedReader(Files.java:2947)
	at kafka.server.checkpoints.CheckpointFile.liftedTree2$1(CheckpointFile.scala:87)
	at kafka.server.checkpoints.CheckpointFile.read(CheckpointFile.scala:86)
	at kafka.server.checkpoints.OffsetCheckpointFile.read(OffsetCheckpointFile.scala:61)
	at kafka.log.LogCleanerManager.$anonfun$allCleanerCheckpoints$2(LogCleanerManager.scala:137)
	at scala.collection.TraversableLike.$anonfun$flatMap$1(TraversableLike.scala:245)
	at scala.collection.Iterator.foreach(Iterator.scala:941)
	at scala.collection.Iterator.foreach$(Iterator.scala:941)
	at scala.collection.AbstractIterator.foreach(Iterator.scala:1429)
	at scala.collection.MapLike$DefaultValuesIterable.foreach(MapLike.scala:213)
	at scala.collection.TraversableLike.flatMap(TraversableLike.scala:245)
	at scala.collection.TraversableLike.flatMap$(TraversableLike.scala:242)
	at scala.collection.AbstractTraversable.flatMap(Traversable.scala:108)
	at kafka.log.LogCleanerManager.$anonfun$allCleanerCheckpoints$1(LogCleanerManager.scala:135)
	at kafka.utils.CoreUtils$.inLock(CoreUtils.scala:253)
	at kafka.log.LogCleanerManager.allCleanerCheckpoints(LogCleanerManager.scala:143)
	at kafka.log.LogCleanerManager.$anonfun$grabFilthiestCompactedLog$1(LogCleanerManager.scala:174)
	at kafka.utils.CoreUtils$.inLock(CoreUtils.scala:253)
	at kafka.log.LogCleanerManager.grabFilthiestCompactedLog(LogCleanerManager.scala:171)
	at kafka.log.LogCleaner$CleanerThread.cleanFilthiestLog(LogCleaner.scala:321)
	at kafka.log.LogCleaner$CleanerThread.doWork(LogCleaner.scala:307)
	at kafka.utils.ShutdownableThread.run(ShutdownableThread.scala:89)
[2019-11-21 13:37:40,052] INFO [ReplicaManager broker=0] Stopping serving replicas in dir /Users/evandronunes/Google Drive/Evandro - Pessoal/Estudos/Kafka/kafka-files-master/kafka-logs/0 (kafka.server.ReplicaManager)
[2019-11-21 13:37:40,098] INFO [ReplicaManager broker=0] Broker 0 stopped fetcher for partitions  and stopped moving logs for partitions  because they are in the failed log directory /Users/evandronunes/Google Drive/Evandro - Pessoal/Estudos/Kafka/kafka-files-master/kafka-logs/0. (kafka.server.ReplicaManager)
[2019-11-21 13:37:40,099] INFO Stopping serving logs in dir /Users/evandronunes/Google Drive/Evandro - Pessoal/Estudos/Kafka/kafka-files-master/kafka-logs/0 (kafka.log.LogManager)
[2019-11-21 13:37:40,109] ERROR Shutdown broker because all log dirs in /Users/evandronunes/Google Drive/Evandro - Pessoal/Estudos/Kafka/kafka-files-master/kafka-logs/0 have failed (kafka.log.LogManager)
